SF:js/tasks.js
DA:2,1
DA:3,1
DA:4,1
DA:5,1
DA:6,1
DA:7,1
DA:8,1
DA:22,1
DA:23,7
DA:24,7
DA:25,7
DA:26,7
DA:27,7
DA:28,2
DA:29,2
DA:30,0
DA:32,2
DA:33,2
DA:34,2
DA:35,2
DA:36,2
DA:37,2
DA:38,2
DA:39,2
DA:41,7
DA:48,1
DA:49,2
DA:50,2
DA:51,2
DA:52,2
DA:53,6
DA:54,4
DA:56,6
DA:57,6
DA:58,6
DA:60,2
DA:61,2
DA:71,1
DA:72,1
DA:73,1
DA:76,1
DA:77,1
DA:78,1
DA:79,1
DA:80,1
DA:81,1
DA:82,1
DA:83,1
DA:84,1
DA:85,1
DA:86,0
DA:88,1
DA:89,1
DA:90,1
DA:94,0
DA:95,0
DA:99,1
DA:100,7
DA:101,7
DA:102,7
DA:103,7
DA:104,6
DA:106,1
DA:107,1
DA:108,1
DA:109,1
DA:110,1
DA:111,1
DA:112,1
DA:113,1
DA:114,1
DA:115,1
DA:116,1
DA:127,1
DA:128,2
DA:129,2
DA:130,2
DA:131,2
DA:132,2
DA:134,1
DA:135,1
DA:136,1
DA:137,1
DA:138,1
DA:139,1
DA:140,1
DA:141,1
DA:142,1
DA:143,1
DA:145,2
DA:146,2
DA:147,0
DA:149,2
DA:150,2
DA:153,0
DA:154,0
DA:155,0
DA:159,1
DA:160,1
DA:161,1
DA:162,1
DA:163,1
DA:164,1
DA:165,0
DA:166,0
DA:167,0
DA:170,1
DA:173,1
DA:174,4
DA:175,4
DA:176,4
DA:177,4
DA:178,12
DA:179,2
DA:182,4
DA:185,1
DA:186,17
DA:187,17
DA:188,17
DA:189,17
DA:190,51
DA:192,6
DA:195,17
DA:198,1
DA:199,1
DA:200,1
DA:201,1
DA:202,1
DA:203,0
DA:205,1
DA:213,1
DA:215,3
DA:216,3
DA:217,3
DA:218,3
DA:219,3
DA:220,3
DA:221,3
DA:225,0
DA:226,0
DA:227,3
DA:231,0
DA:232,0
DA:235,3
DA:243,1
DA:244,3
DA:245,3
DA:246,3
DA:248,3
DA:257,1
DA:258,6
DA:259,6
DA:260,6
DA:261,6
DA:262,0
DA:263,0
DA:264,0
DA:265,0
DA:266,0
DA:270,6
DA:271,0
DA:273,6
DA:276,1
DA:277,4
DA:278,4
DA:279,2
DA:281,2
DA:282,2
DA:283,2
DA:286,4
DA:289,1
DA:290,1
DA:291,1
DA:292,1
DA:293,1
DA:294,1
DA:295,1
DA:296,1
DA:297,1
DA:299,0
DA:301,1
DA:305,1
DA:306,2
DA:307,2
DA:308,2
DA:309,2
DA:310,2
DA:311,2
DA:312,2
DA:315,1
DA:316,4
DA:317,4
DA:318,4
DA:320,4
DA:321,0
DA:323,4
DA:324,0
DA:326,4
DA:327,0
DA:329,4
DA:330,0
DA:332,4
DA:333,0
DA:335,4
DA:338,1
DA:339,3
DA:340,0
DA:342,3
DA:343,1
DA:344,1
DA:345,1
DA:346,1
DA:347,1
DA:350,1
DA:351,1
DA:352,1
DA:353,1
DA:354,1
DA:355,3
DA:357,3
DA:361,1
DA:362,1
DA:363,1
DA:364,1
DA:365,1
DA:366,1
DA:367,1
DA:368,1
DA:369,1
DA:370,1
DA:371,0
DA:373,1
DA:375,1
DA:376,0
DA:378,1
DA:380,3
DA:381,0
DA:382,0
DA:384,3
DA:385,0
DA:386,0
DA:388,3
DA:391,1
DA:392,2
DA:393,2
DA:394,2
DA:395,2
DA:396,2
DA:397,2
DA:400,1
DA:402,7
DA:403,7
DA:405,7
DA:406,7
DA:407,7
DA:408,7
DA:409,0
DA:410,0
DA:411,0
DA:414,7
DA:423,1
DA:425,3
DA:428,3
DA:429,3
DA:430,0
DA:431,3
DA:432,0
DA:433,3
DA:434,0
DA:435,3
DA:436,0
DA:437,3
DA:438,3
DA:440,0
DA:444,3
DA:445,3
DA:446,3
DA:447,3
DA:448,3
DA:449,0
DA:450,0
DA:456,3
DA:457,1
DA:458,1
DA:459,1
DA:460,1
DA:461,1
DA:462,1
DA:464,1
DA:466,3
DA:467,3
DA:470,1
DA:471,1
DA:472,1
DA:473,1
DA:475,1
DA:476,0
DA:479,1
DA:481,3
DA:482,3
DA:483,3
DA:484,3
DA:485,3
DA:486,3
DA:487,3
DA:488,3
DA:489,3
DA:490,3
DA:491,3
DA:492,3
DA:493,3
DA:494,3
DA:495,3
DA:496,3
DA:497,3
DA:498,0
DA:500,3
DA:501,3
DA:502,3
DA:503,3
DA:505,3
DA:506,3
DA:509,1
DA:510,0
DA:513,1
DA:514,3
DA:515,1
DA:516,1
DA:517,1
DA:518,1
DA:519,1
DA:520,1
DA:521,1
DA:525,1
DA:526,3
DA:527,1
DA:528,1
DA:536,1
DA:537,1
DA:538,1
DA:539,1
DA:540,1
DA:541,1
DA:542,1
DA:543,1
DA:547,1
DA:548,3
DA:549,3
DA:550,3
DA:551,3
DA:552,3
DA:553,3
DA:554,3
DA:555,6
DA:556,3
DA:558,3
DA:560,6
DA:561,6
DA:562,1
DA:568,5
DA:574,6
DA:576,3
DA:577,0
DA:578,0
DA:579,0
DA:581,0
DA:583,0
DA:584,0
DA:585,0
DA:586,0
DA:587,0
DA:589,0
DA:593,0
DA:594,0
DA:596,3
DA:599,1
DA:600,0
DA:601,0
DA:611,1
DA:613,0
DA:614,0
DA:617,0
DA:618,0
DA:619,0
DA:620,0
DA:621,0
DA:622,0
DA:626,0
DA:629,0
DA:630,0
DA:631,0
DA:633,0
DA:635,0
DA:637,0
DA:638,0
DA:639,0
DA:640,0
DA:641,0
DA:643,0
DA:650,1
DA:655,1
DA:656,0
end_of_record
