<?xml version="1.0" encoding="UTF-8"?>
<testsuites>
  <testsuite name="tests" tests="13" assertions="13" errors="0" failures="0" skipped="0" time="0.012152">
    <testsuite name="tasksTest" file="/var/www/html/projectmanager/tests/tasksTest.php" tests="13" assertions="13" errors="0" failures="0" skipped="0" time="0.012152">
      <testcase name="test_saveNewOtherByAdmin" class="tasksTest" classname="tasksTest" file="/var/www/html/projectmanager/tests/tasksTest.php" line="30" assertions="1" time="0.002375"/>
      <testcase name="test_saveNewBugByGuest" class="tasksTest" classname="tasksTest" file="/var/www/html/projectmanager/tests/tasksTest.php" line="54" assertions="1" time="0.000715"/>
      <testcase name="test_saveNewQueryByGuest" class="tasksTest" classname="tasksTest" file="/var/www/html/projectmanager/tests/tasksTest.php" line="68" assertions="1" time="0.000764"/>
      <testcase name="test_saveNewSuggestByGuest" class="tasksTest" classname="tasksTest" file="/var/www/html/projectmanager/tests/tasksTest.php" line="83" assertions="1" time="0.000870"/>
      <testcase name="test_saveNewOtherByGuest" class="tasksTest" classname="tasksTest" file="/var/www/html/projectmanager/tests/tasksTest.php" line="99" assertions="1" time="0.000852"/>
      <testcase name="test_savePickupByMember" class="tasksTest" classname="tasksTest" file="/var/www/html/projectmanager/tests/tasksTest.php" line="116" assertions="1" time="0.000919"/>
      <testcase name="test_saveMoveMyTaskByMember" class="tasksTest" classname="tasksTest" file="/var/www/html/projectmanager/tests/tasksTest.php" line="132" assertions="1" time="0.000851"/>
      <testcase name="test_savePickUpForeignTaskByMember" class="tasksTest" classname="tasksTest" file="/var/www/html/projectmanager/tests/tasksTest.php" line="148" assertions="1" time="0.000948"/>
      <testcase name="test_saveMoveForeignTaskByMember" class="tasksTest" classname="tasksTest" file="/var/www/html/projectmanager/tests/tasksTest.php" line="164" assertions="1" time="0.000850"/>
      <testcase name="test_saveChangeTitleByMember" class="tasksTest" classname="tasksTest" file="/var/www/html/projectmanager/tests/tasksTest.php" line="181" assertions="1" time="0.000859"/>
      <testcase name="test_refresh" class="tasksTest" classname="tasksTest" file="/var/www/html/projectmanager/tests/tasksTest.php" line="197" assertions="1" time="0.000574"/>
      <testcase name="test_refreshNotChange" class="tasksTest" classname="tasksTest" file="/var/www/html/projectmanager/tests/tasksTest.php" line="205" assertions="1" time="0.000682"/>
      <testcase name="test_show" class="tasksTest" classname="tasksTest" file="/var/www/html/projectmanager/tests/tasksTest.php" line="213" assertions="1" time="0.000892"/>
    </testsuite>
  </testsuite>
</testsuites>
