<?xml version="1.0" encoding="UTF-8"?>
<testsuites>
  <testsuite name="tests" tests="37" assertions="37" errors="0" failures="0" skipped="0" time="2.556956">
    <testsuite name="DefaultTest" file="/var/www/html/projectmanager/tests/defaultTest.php" tests="1" assertions="1" errors="0" failures="0" skipped="0" time="0.002902">
      <testcase name="test_default" class="DefaultTest" classname="DefaultTest" file="/var/www/html/projectmanager/tests/defaultTest.php" line="22" assertions="1" time="0.002902"/>
    </testsuite>
    <testsuite name="ExampleTest" file="/var/www/html/projectmanager/tests/exampleTest.php" tests="3" assertions="3" errors="0" failures="0" skipped="0" time="0.002345">
      <testcase name="test_start" class="ExampleTest" classname="ExampleTest" file="/var/www/html/projectmanager/tests/exampleTest.php" line="26" assertions="1" time="0.000942"/>
      <testcase name="test_example" class="ExampleTest" classname="ExampleTest" file="/var/www/html/projectmanager/tests/exampleTest.php" line="33" assertions="1" time="0.000881"/>
      <testcase name="test_end" class="ExampleTest" classname="ExampleTest" file="/var/www/html/projectmanager/tests/exampleTest.php" line="41" assertions="1" time="0.000522"/>
    </testsuite>
    <testsuite name="MembersTest" file="/var/www/html/projectmanager/tests/membersTest.php" tests="6" assertions="6" errors="0" failures="0" skipped="0" time="0.958271">
      <testcase name="test_start" class="MembersTest" classname="MembersTest" file="/var/www/html/projectmanager/tests/membersTest.php" line="27" assertions="1" time="0.268024"/>
      <testcase name="test_memberupdate_Member" class="MembersTest" classname="MembersTest" file="/var/www/html/projectmanager/tests/membersTest.php" line="35" assertions="1" time="0.259639"/>
      <testcase name="test_memberupdate_Guest" class="MembersTest" classname="MembersTest" file="/var/www/html/projectmanager/tests/membersTest.php" line="50" assertions="1" time="0.001062"/>
      <testcase name="test_memberupdate_Admin" class="MembersTest" classname="MembersTest" file="/var/www/html/projectmanager/tests/membersTest.php" line="66" assertions="1" time="0.001222"/>
      <testcase name="test_saveallmembers_Admin_1" class="MembersTest" classname="MembersTest" file="/var/www/html/projectmanager/tests/membersTest.php" line="81" assertions="1" time="0.262320"/>
      <testcase name="test_saveallmembers_Admin_2" class="MembersTest" classname="MembersTest" file="/var/www/html/projectmanager/tests/membersTest.php" line="100" assertions="1" time="0.166004"/>
    </testsuite>
    <testsuite name="TasksTest" file="/var/www/html/projectmanager/tests/tasksTest.php" tests="27" assertions="27" errors="0" failures="0" skipped="0" time="1.593438">
      <testcase name="test_start" class="TasksTest" classname="TasksTest" file="/var/www/html/projectmanager/tests/tasksTest.php" line="27" assertions="1" time="0.159823"/>
      <testcase name="test_saveNewOtherByAdmin" class="TasksTest" classname="TasksTest" file="/var/www/html/projectmanager/tests/tasksTest.php" line="35" assertions="1" time="0.685554"/>
      <testcase name="test_saveNewBugByGuest" class="TasksTest" classname="TasksTest" file="/var/www/html/projectmanager/tests/tasksTest.php" line="56" assertions="1" time="0.038284"/>
      <testcase name="test_saveNewQueryByGuest" class="TasksTest" classname="TasksTest" file="/var/www/html/projectmanager/tests/tasksTest.php" line="70" assertions="1" time="0.040239"/>
      <testcase name="test_saveNewSuggestByGuest" class="TasksTest" classname="TasksTest" file="/var/www/html/projectmanager/tests/tasksTest.php" line="85" assertions="1" time="0.039696"/>
      <testcase name="test_savePickUpForeignTaskByMember" class="TasksTest" classname="TasksTest" file="/var/www/html/projectmanager/tests/tasksTest.php" line="101" assertions="1" time="0.038986"/>
      <testcase name="test_saveMoveForeignTaskByMember" class="TasksTest" classname="TasksTest" file="/var/www/html/projectmanager/tests/tasksTest.php" line="117" assertions="1" time="0.040053"/>
      <testcase name="test_saveChangeTitleByMember" class="TasksTest" classname="TasksTest" file="/var/www/html/projectmanager/tests/tasksTest.php" line="134" assertions="1" time="0.038620"/>
      <testcase name="test_refresh" class="TasksTest" classname="TasksTest" file="/var/www/html/projectmanager/tests/tasksTest.php" line="150" assertions="1" time="0.003517"/>
      <testcase name="test_refreshNotChange" class="TasksTest" classname="TasksTest" file="/var/www/html/projectmanager/tests/tasksTest.php" line="158" assertions="1" time="0.001730"/>
      <testcase name="test_show" class="TasksTest" classname="TasksTest" file="/var/www/html/projectmanager/tests/tasksTest.php" line="166" assertions="1" time="0.001168"/>
      <testcase name="test_show_demo1" class="TasksTest" classname="TasksTest" file="/var/www/html/projectmanager/tests/tasksTest.php" line="172" assertions="1" time="0.001110"/>
      <testcase name="test_show_demo2" class="TasksTest" classname="TasksTest" file="/var/www/html/projectmanager/tests/tasksTest.php" line="178" assertions="1" time="0.001159"/>
      <testcase name="test_show_demo3" class="TasksTest" classname="TasksTest" file="/var/www/html/projectmanager/tests/tasksTest.php" line="184" assertions="1" time="0.001045"/>
      <testcase name="test_show_testProject" class="TasksTest" classname="TasksTest" file="/var/www/html/projectmanager/tests/tasksTest.php" line="190" assertions="1" time="0.005862"/>
      <testcase name="test_taskinsert_Admin" class="TasksTest" classname="TasksTest" file="/var/www/html/projectmanager/tests/tasksTest.php" line="198" assertions="1" time="0.098736"/>
      <testcase name="test_taskinsert_Guest" class="TasksTest" classname="TasksTest" file="/var/www/html/projectmanager/tests/tasksTest.php" line="212" assertions="1" time="0.098029"/>
      <testcase name="test_update_Guest" class="TasksTest" classname="TasksTest" file="/var/www/html/projectmanager/tests/tasksTest.php" line="226" assertions="1" time="0.002639"/>
      <testcase name="test_update_Member" class="TasksTest" classname="TasksTest" file="/var/www/html/projectmanager/tests/tasksTest.php" line="247" assertions="1" time="0.002469"/>
      <testcase name="test_update_pickUp_Member" class="TasksTest" classname="TasksTest" file="/var/www/html/projectmanager/tests/tasksTest.php" line="268" assertions="1" time="0.073570"/>
      <testcase name="test_update_moveMyTask_Member" class="TasksTest" classname="TasksTest" file="/var/www/html/projectmanager/tests/tasksTest.php" line="290" assertions="1" time="0.002877"/>
      <testcase name="test_update_unPickup_Member" class="TasksTest" classname="TasksTest" file="/var/www/html/projectmanager/tests/tasksTest.php" line="312" assertions="1" time="0.068923"/>
      <testcase name="test_update_Admin" class="TasksTest" classname="TasksTest" file="/var/www/html/projectmanager/tests/tasksTest.php" line="335" assertions="1" time="0.074651"/>
      <testcase name="test_update_NotFound_Admin" class="TasksTest" classname="TasksTest" file="/var/www/html/projectmanager/tests/tasksTest.php" line="356" assertions="1" time="0.002588"/>
      <testcase name="test_taskdelete_Guest" class="TasksTest" classname="TasksTest" file="/var/www/html/projectmanager/tests/tasksTest.php" line="377" assertions="1" time="0.001957"/>
      <testcase name="test_taskdelete_Member" class="TasksTest" classname="TasksTest" file="/var/www/html/projectmanager/tests/tasksTest.php" line="391" assertions="1" time="0.001892"/>
      <testcase name="test_taskdelete_Admin" class="TasksTest" classname="TasksTest" file="/var/www/html/projectmanager/tests/tasksTest.php" line="405" assertions="1" time="0.068261"/>
    </testsuite>
  </testsuite>
</testsuites>
