<?xml version="1.0" encoding="UTF-8"?>
<coverage generated="1555835416">
  <project timestamp="1555835416">
    <file name="/var/www/html/projectmanager/controllers/default.php">
      <class name="DefaultController" namespace="global">
        <metrics complexity="1" methods="1" coveredmethods="1" conditionals="0" coveredconditionals="0" statements="7" coveredstatements="7" elements="8" coveredelements="8"/>
      </class>
      <line num="3" type="method" name="default" visibility="public" complexity="1" crap="1" count="1"/>
      <line num="6" type="stmt" count="1"/>
      <line num="7" type="stmt" count="1"/>
      <line num="8" type="stmt" count="1"/>
      <line num="11" type="stmt" count="1"/>
      <line num="12" type="stmt" count="1"/>
      <line num="13" type="stmt" count="1"/>
      <line num="14" type="stmt" count="1"/>
      <metrics loc="15" ncloc="11" classes="1" methods="1" coveredmethods="1" conditionals="0" coveredconditionals="0" statements="7" coveredstatements="7" elements="8" coveredelements="8"/>
    </file>
    <file name="/var/www/html/projectmanager/controllers/tasks.php">
      <class name="TasksController" namespace="global">
        <metrics complexity="18" methods="5" coveredmethods="0" conditionals="0" coveredconditionals="0" statements="81" coveredstatements="54" elements="86" coveredelements="54"/>
      </class>
      <line num="23" type="method" name="show" visibility="public" complexity="8" crap="8" count="6"/>
      <line num="25" type="stmt" count="6"/>
      <line num="32" type="stmt" count="6"/>
      <line num="33" type="stmt" count="2"/>
      <line num="34" type="stmt" count="2"/>
      <line num="35" type="stmt" count="4"/>
      <line num="36" type="stmt" count="1"/>
      <line num="37" type="stmt" count="1"/>
      <line num="38" type="stmt" count="3"/>
      <line num="39" type="stmt" count="1"/>
      <line num="40" type="stmt" count="1"/>
      <line num="41" type="stmt" count="2"/>
      <line num="44" type="stmt" count="1"/>
      <line num="45" type="stmt" count="1"/>
      <line num="46" type="stmt" count="1"/>
      <line num="47" type="stmt" count="1"/>
      <line num="49" type="stmt" count="1"/>
      <line num="51" type="stmt" count="1"/>
      <line num="52" type="stmt" count="1"/>
      <line num="53" type="stmt" count="1"/>
      <line num="54" type="stmt" count="0"/>
      <line num="56" type="stmt" count="1"/>
      <line num="57" type="stmt" count="1"/>
      <line num="59" type="stmt" count="6"/>
      <line num="60" type="stmt" count="1"/>
      <line num="61" type="stmt" count="1"/>
      <line num="62" type="stmt" count="1"/>
      <line num="63" type="stmt" count="1"/>
      <line num="67" type="stmt" count="6"/>
      <line num="68" type="stmt" count="6"/>
      <line num="69" type="stmt" count="6"/>
      <line num="72" type="stmt" count="6"/>
      <line num="73" type="stmt" count="6"/>
      <line num="74" type="stmt" count="6"/>
      <line num="75" type="stmt" count="6"/>
      <line num="76" type="stmt" count="6"/>
      <line num="77" type="stmt" count="6"/>
      <line num="78" type="stmt" count="6"/>
      <line num="79" type="stmt" count="6"/>
      <line num="80" type="stmt" count="6"/>
      <line num="81" type="stmt" count="6"/>
      <line num="84" type="stmt" count="6"/>
      <line num="85" type="stmt" count="6"/>
      <line num="86" type="stmt" count="6"/>
      <line num="97" type="method" name="refresh" visibility="public" complexity="2" crap="2.01" count="2"/>
      <line num="98" type="stmt" count="2"/>
      <line num="99" type="stmt" count="2"/>
      <line num="101" type="stmt" count="2"/>
      <line num="102" type="stmt" count="2"/>
      <line num="103" type="stmt" count="0"/>
      <line num="105" type="stmt" count="2"/>
      <line num="106" type="stmt" count="2"/>
      <line num="116" type="method" name="save" visibility="public" complexity="2" crap="2.01" count="10"/>
      <line num="117" type="stmt" count="10"/>
      <line num="118" type="stmt" count="10"/>
      <line num="119" type="stmt" count="10"/>
      <line num="120" type="stmt" count="10"/>
      <line num="121" type="stmt" count="0"/>
      <line num="123" type="stmt" count="10"/>
      <line num="124" type="stmt" count="10"/>
      <line num="136" type="method" name="addTask" visibility="public" complexity="5" crap="30" count="0"/>
      <line num="137" type="stmt" count="0"/>
      <line num="138" type="stmt" count="0"/>
      <line num="139" type="stmt" count="0"/>
      <line num="140" type="stmt" count="0"/>
      <line num="141" type="stmt" count="0"/>
      <line num="144" type="stmt" count="0"/>
      <line num="145" type="stmt" count="0"/>
      <line num="146" type="stmt" count="0"/>
      <line num="147" type="stmt" count="0"/>
      <line num="148" type="stmt" count="0"/>
      <line num="149" type="stmt" count="0"/>
      <line num="155" type="stmt" count="0"/>
      <line num="156" type="stmt" count="0"/>
      <line num="157" type="stmt" count="0"/>
      <line num="158" type="stmt" count="0"/>
      <line num="159" type="stmt" count="0"/>
      <line num="160" type="stmt" count="0"/>
      <line num="161" type="stmt" count="0"/>
      <line num="162" type="stmt" count="0"/>
      <line num="163" type="stmt" count="0"/>
      <line num="164" type="stmt" count="0"/>
      <line num="178" type="stmt" count="0"/>
      <line num="186" type="method" name="newTicket" visibility="public" complexity="1" crap="2" count="0"/>
      <line num="199" type="stmt" count="0"/>
      <line num="220" type="stmt" count="0"/>
      <metrics loc="221" ncloc="158" classes="1" methods="5" coveredmethods="0" conditionals="0" coveredconditionals="0" statements="81" coveredstatements="54" elements="86" coveredelements="54"/>
    </file>
    <file name="/var/www/html/projectmanager/models/tasks.php">
      <class name="Task" namespace="global">
        <metrics complexity="0" methods="0" coveredmethods="0" conditionals="0" coveredconditionals="0" statements="0" coveredstatements="0" elements="0" coveredelements="0"/>
      </class>
      <class name="TasksModel" namespace="global">
        <metrics complexity="57" methods="7" coveredmethods="3" conditionals="0" coveredconditionals="0" statements="108" coveredstatements="98" elements="115" coveredelements="101"/>
      </class>
      <line num="35" type="method" name="refresh" visibility="public" complexity="3" crap="3" count="2"/>
      <line num="36" type="stmt" count="2"/>
      <line num="37" type="stmt" count="2"/>
      <line num="38" type="stmt" count="2"/>
      <line num="39" type="stmt" count="2"/>
      <line num="40" type="stmt" count="2"/>
      <line num="41" type="stmt" count="1"/>
      <line num="42" type="stmt" count="1"/>
      <line num="44" type="stmt" count="2"/>
      <line num="46" type="stmt" count="2"/>
      <line num="54" type="method" name="getTasks" visibility="protected" complexity="4" crap="4" count="9"/>
      <line num="55" type="stmt" count="9"/>
      <line num="56" type="stmt" count="9"/>
      <line num="57" type="stmt" count="9"/>
      <line num="58" type="stmt" count="9"/>
      <line num="59" type="stmt" count="9"/>
      <line num="60" type="stmt" count="9"/>
      <line num="61" type="stmt" count="9"/>
      <line num="65" type="stmt" count="9"/>
      <line num="75" type="method" name="findTask" visibility="protected" complexity="3" crap="3" count="9"/>
      <line num="76" type="stmt" count="9"/>
      <line num="77" type="stmt" count="9"/>
      <line num="78" type="stmt" count="9"/>
      <line num="79" type="stmt" count="9"/>
      <line num="82" type="stmt" count="9"/>
      <line num="92" type="method" name="ContentNotChange" visibility="protected" complexity="7" crap="8.14" count="9"/>
      <line num="93" type="stmt" count="9"/>
      <line num="94" type="stmt" count="9"/>
      <line num="95" type="stmt" count="0"/>
      <line num="97" type="stmt" count="9"/>
      <line num="98" type="stmt" count="1"/>
      <line num="100" type="stmt" count="9"/>
      <line num="101" type="stmt" count="0"/>
      <line num="103" type="stmt" count="9"/>
      <line num="104" type="stmt" count="0"/>
      <line num="106" type="stmt" count="9"/>
      <line num="107" type="stmt" count="0"/>
      <line num="109" type="stmt" count="9"/>
      <line num="110" type="stmt" count="1"/>
      <line num="112" type="stmt" count="9"/>
      <line num="123" type="method" name="checkTaskAction" visibility="protected" complexity="29" crap="29.12" count="9"/>
      <line num="124" type="stmt" count="9"/>
      <line num="125" type="stmt" count="9"/>
      <line num="126" type="stmt" count="9"/>
      <line num="129" type="stmt" count="9"/>
      <line num="130" type="stmt" count="9"/>
      <line num="131" type="stmt" count="9"/>
      <line num="132" type="stmt" count="9"/>
      <line num="133" type="stmt" count="9"/>
      <line num="134" type="stmt" count="9"/>
      <line num="139" type="stmt" count="9"/>
      <line num="140" type="stmt" count="9"/>
      <line num="141" type="stmt" count="9"/>
      <line num="142" type="stmt" count="9"/>
      <line num="143" type="stmt" count="3"/>
      <line num="144" type="stmt" count="3"/>
      <line num="148" type="stmt" count="9"/>
      <line num="149" type="stmt" count="5"/>
      <line num="150" type="stmt" count="5"/>
      <line num="151" type="stmt" count="5"/>
      <line num="153" type="stmt" count="1"/>
      <line num="154" type="stmt" count="1"/>
      <line num="159" type="stmt" count="9"/>
      <line num="160" type="stmt" count="5"/>
      <line num="161" type="stmt" count="5"/>
      <line num="162" type="stmt" count="5"/>
      <line num="163" type="stmt" count="1"/>
      <line num="164" type="stmt" count="1"/>
      <line num="169" type="stmt" count="9"/>
      <line num="170" type="stmt" count="5"/>
      <line num="171" type="stmt" count="5"/>
      <line num="172" type="stmt" count="5"/>
      <line num="173" type="stmt" count="5"/>
      <line num="174" type="stmt" count="5"/>
      <line num="175" type="stmt" count="0"/>
      <line num="176" type="stmt" count="0"/>
      <line num="179" type="stmt" count="9"/>
      <line num="180" type="stmt" count="4"/>
      <line num="182" type="stmt" count="9"/>
      <line num="191" type="method" name="saveCheckNoAdmin" visibility="protected" complexity="6" crap="6.06" count="9"/>
      <line num="192" type="stmt" count="9"/>
      <line num="193" type="stmt" count="9"/>
      <line num="194" type="stmt" count="9"/>
      <line num="195" type="stmt" count="9"/>
      <line num="197" type="stmt" count="0"/>
      <line num="199" type="stmt" count="9"/>
      <line num="201" type="stmt" count="9"/>
      <line num="202" type="stmt" count="9"/>
      <line num="203" type="stmt" count="9"/>
      <line num="204" type="stmt" count="9"/>
      <line num="205" type="stmt" count="9"/>
      <line num="208" type="stmt" count="9"/>
      <line num="209" type="stmt" count="9"/>
      <line num="210" type="stmt" count="9"/>
      <line num="211" type="stmt" count="0"/>
      <line num="212" type="stmt" count="9"/>
      <line num="216" type="stmt" count="9"/>
      <line num="225" type="method" name="save" visibility="public" complexity="5" crap="5.04" count="10"/>
      <line num="227" type="stmt" count="10"/>
      <line num="228" type="stmt" count="10"/>
      <line num="229" type="stmt" count="10"/>
      <line num="230" type="stmt" count="10"/>
      <line num="232" type="stmt" count="0"/>
      <line num="236" type="stmt" count="10"/>
      <line num="238" type="stmt" count="9"/>
      <line num="241" type="stmt" count="10"/>
      <line num="242" type="stmt" count="6"/>
      <line num="243" type="stmt" count="6"/>
      <line num="244" type="stmt" count="6"/>
      <line num="246" type="stmt" count="10"/>
      <line num="247" type="stmt" count="10"/>
      <line num="249" type="stmt" count="0"/>
      <line num="251" type="stmt" count="10"/>
      <line num="252" type="stmt" count="10"/>
      <line num="253" type="stmt" count="10"/>
      <metrics loc="255" ncloc="184" classes="1" methods="7" coveredmethods="3" conditionals="0" coveredconditionals="0" statements="108" coveredstatements="98" elements="115" coveredelements="101"/>
    </file>
    <file name="/var/www/html/projectmanager/views/tasks.php">
      <class name="TasksView" namespace="global">
        <metrics complexity="4" methods="1" coveredmethods="1" conditionals="0" coveredconditionals="0" statements="5" coveredstatements="5" elements="6" coveredelements="6"/>
      </class>
      <line num="11" type="method" name="show" visibility="public" complexity="4" crap="4" count="6"/>
      <line num="12" type="stmt" count="6"/>
      <line num="13" type="stmt" count="1"/>
      <line num="16" type="stmt" count="6"/>
      <line num="28" type="stmt" count="6"/>
      <line num="218" type="stmt" count="6"/>
      <metrics loc="219" ncloc="211" classes="1" methods="1" coveredmethods="1" conditionals="0" coveredconditionals="0" statements="5" coveredstatements="5" elements="6" coveredelements="6"/>
    </file>
    <metrics files="4" loc="710" ncloc="564" classes="4" methods="14" coveredmethods="5" conditionals="0" coveredconditionals="0" statements="201" coveredstatements="164" elements="215" coveredelements="169"/>
  </project>
</coverage>
