<?xml version="1.0" encoding="UTF-8"?>
<testsuites>
  <testsuite name="tests" tests="32" assertions="32" errors="0" failures="0" skipped="0" time="2.191848">
    <testsuite name="DefaultTest" file="/var/www/html/projectmanager/tests/defaultTest.php" tests="1" assertions="1" errors="0" failures="0" skipped="0" time="0.002923">
      <testcase name="test_default" class="DefaultTest" classname="DefaultTest" file="/var/www/html/projectmanager/tests/defaultTest.php" line="22" assertions="1" time="0.002923"/>
    </testsuite>
    <testsuite name="MembersTest" file="/var/www/html/projectmanager/tests/membersTest.php" tests="5" assertions="5" errors="0" failures="0" skipped="0" time="0.873200">
      <testcase name="test_memberupdate_Member" class="MembersTest" classname="MembersTest" file="/var/www/html/projectmanager/tests/membersTest.php" line="31" assertions="1" time="0.334323"/>
      <testcase name="test_memberupdate_Guest" class="MembersTest" classname="MembersTest" file="/var/www/html/projectmanager/tests/membersTest.php" line="46" assertions="1" time="0.001093"/>
      <testcase name="test_memberupdate_Admin" class="MembersTest" classname="MembersTest" file="/var/www/html/projectmanager/tests/membersTest.php" line="62" assertions="1" time="0.001203"/>
      <testcase name="test_saveallmembers_Admin_1" class="MembersTest" classname="MembersTest" file="/var/www/html/projectmanager/tests/membersTest.php" line="77" assertions="1" time="0.371114"/>
      <testcase name="test_saveallmembers_Admin_2" class="MembersTest" classname="MembersTest" file="/var/www/html/projectmanager/tests/membersTest.php" line="96" assertions="1" time="0.165467"/>
    </testsuite>
    <testsuite name="TasksTest" file="/var/www/html/projectmanager/tests/tasksTest.php" tests="26" assertions="26" errors="0" failures="0" skipped="0" time="1.315725">
      <testcase name="test_saveNewOtherByAdmin" class="TasksTest" classname="TasksTest" file="/var/www/html/projectmanager/tests/tasksTest.php" line="31" assertions="1" time="0.438849"/>
      <testcase name="test_saveNewBugByGuest" class="TasksTest" classname="TasksTest" file="/var/www/html/projectmanager/tests/tasksTest.php" line="52" assertions="1" time="0.048238"/>
      <testcase name="test_saveNewQueryByGuest" class="TasksTest" classname="TasksTest" file="/var/www/html/projectmanager/tests/tasksTest.php" line="66" assertions="1" time="0.066542"/>
      <testcase name="test_saveNewSuggestByGuest" class="TasksTest" classname="TasksTest" file="/var/www/html/projectmanager/tests/tasksTest.php" line="81" assertions="1" time="0.066111"/>
      <testcase name="test_savePickUpForeignTaskByMember" class="TasksTest" classname="TasksTest" file="/var/www/html/projectmanager/tests/tasksTest.php" line="97" assertions="1" time="0.047080"/>
      <testcase name="test_saveMoveForeignTaskByMember" class="TasksTest" classname="TasksTest" file="/var/www/html/projectmanager/tests/tasksTest.php" line="113" assertions="1" time="0.046803"/>
      <testcase name="test_saveChangeTitleByMember" class="TasksTest" classname="TasksTest" file="/var/www/html/projectmanager/tests/tasksTest.php" line="130" assertions="1" time="0.079538"/>
      <testcase name="test_refresh" class="TasksTest" classname="TasksTest" file="/var/www/html/projectmanager/tests/tasksTest.php" line="146" assertions="1" time="0.003415"/>
      <testcase name="test_refreshNotChange" class="TasksTest" classname="TasksTest" file="/var/www/html/projectmanager/tests/tasksTest.php" line="154" assertions="1" time="0.002319"/>
      <testcase name="test_show" class="TasksTest" classname="TasksTest" file="/var/www/html/projectmanager/tests/tasksTest.php" line="162" assertions="1" time="0.001315"/>
      <testcase name="test_show_demo1" class="TasksTest" classname="TasksTest" file="/var/www/html/projectmanager/tests/tasksTest.php" line="168" assertions="1" time="0.001687"/>
      <testcase name="test_show_demo2" class="TasksTest" classname="TasksTest" file="/var/www/html/projectmanager/tests/tasksTest.php" line="174" assertions="1" time="0.000724"/>
      <testcase name="test_show_demo3" class="TasksTest" classname="TasksTest" file="/var/www/html/projectmanager/tests/tasksTest.php" line="180" assertions="1" time="0.000733"/>
      <testcase name="test_show_testProject" class="TasksTest" classname="TasksTest" file="/var/www/html/projectmanager/tests/tasksTest.php" line="186" assertions="1" time="0.005633"/>
      <testcase name="test_taskinsert_Admin" class="TasksTest" classname="TasksTest" file="/var/www/html/projectmanager/tests/tasksTest.php" line="194" assertions="1" time="0.083197"/>
      <testcase name="test_taskinsert_Guest" class="TasksTest" classname="TasksTest" file="/var/www/html/projectmanager/tests/tasksTest.php" line="208" assertions="1" time="0.081227"/>
      <testcase name="test_update_Guest" class="TasksTest" classname="TasksTest" file="/var/www/html/projectmanager/tests/tasksTest.php" line="222" assertions="1" time="0.003613"/>
      <testcase name="test_update_Member" class="TasksTest" classname="TasksTest" file="/var/www/html/projectmanager/tests/tasksTest.php" line="243" assertions="1" time="0.002285"/>
      <testcase name="test_update_pickUp_Member" class="TasksTest" classname="TasksTest" file="/var/www/html/projectmanager/tests/tasksTest.php" line="264" assertions="1" time="0.082737"/>
      <testcase name="test_update_moveMyTask_Member" class="TasksTest" classname="TasksTest" file="/var/www/html/projectmanager/tests/tasksTest.php" line="286" assertions="1" time="0.002695"/>
      <testcase name="test_update_unPickup_Member" class="TasksTest" classname="TasksTest" file="/var/www/html/projectmanager/tests/tasksTest.php" line="308" assertions="1" time="0.082846"/>
      <testcase name="test_update_Admin" class="TasksTest" classname="TasksTest" file="/var/www/html/projectmanager/tests/tasksTest.php" line="331" assertions="1" time="0.081087"/>
      <testcase name="test_update_NotFound_Admin" class="TasksTest" classname="TasksTest" file="/var/www/html/projectmanager/tests/tasksTest.php" line="352" assertions="1" time="0.002381"/>
      <testcase name="test_taskdelete_Guest" class="TasksTest" classname="TasksTest" file="/var/www/html/projectmanager/tests/tasksTest.php" line="373" assertions="1" time="0.001472"/>
      <testcase name="test_taskdelete_Member" class="TasksTest" classname="TasksTest" file="/var/www/html/projectmanager/tests/tasksTest.php" line="387" assertions="1" time="0.001320"/>
      <testcase name="test_taskdelete_Admin" class="TasksTest" classname="TasksTest" file="/var/www/html/projectmanager/tests/tasksTest.php" line="401" assertions="1" time="0.081878"/>
    </testsuite>
  </testsuite>
</testsuites>
