<?xml version="1.0" encoding="UTF-8"?>
<coverage generated="1558504901">
  <project timestamp="1558504901">
    <file name="/var/www/html/projectmanager/controllers/default.php">
      <class name="DefaultController" namespace="global">
        <metrics complexity="1" methods="1" coveredmethods="1" conditionals="0" coveredconditionals="0" statements="7" coveredstatements="7" elements="8" coveredelements="8"/>
      </class>
      <line num="3" type="method" name="default" visibility="public" complexity="1" crap="1" count="1"/>
      <line num="6" type="stmt" count="1"/>
      <line num="7" type="stmt" count="1"/>
      <line num="8" type="stmt" count="1"/>
      <line num="11" type="stmt" count="1"/>
      <line num="12" type="stmt" count="1"/>
      <line num="13" type="stmt" count="1"/>
      <line num="14" type="stmt" count="1"/>
      <metrics loc="15" ncloc="11" classes="1" methods="1" coveredmethods="1" conditionals="0" coveredconditionals="0" statements="7" coveredstatements="7" elements="8" coveredelements="8"/>
    </file>
    <file name="/var/www/html/projectmanager/controllers/members.php">
      <class name="MembersController" namespace="global">
        <metrics complexity="4" methods="3" coveredmethods="2" conditionals="0" coveredconditionals="0" statements="16" coveredstatements="15" elements="19" coveredelements="17"/>
      </class>
      <line num="4" type="method" name="setHtmlHeader" visibility="protected" complexity="2" crap="2.15" count="5"/>
      <line num="5" type="stmt" count="5"/>
      <line num="6" type="stmt" count="0"/>
      <line num="8" type="stmt" count="5"/>
      <line num="19" type="method" name="memberupdate" visibility="public" complexity="1" crap="1" count="3"/>
      <line num="20" type="stmt" count="3"/>
      <line num="21" type="stmt" count="3"/>
      <line num="22" type="stmt" count="3"/>
      <line num="23" type="stmt" count="3"/>
      <line num="26" type="stmt" count="3"/>
      <line num="27" type="stmt" count="3"/>
      <line num="28" type="stmt" count="3"/>
      <line num="38" type="method" name="saveallmembers" visibility="public" complexity="1" crap="1" count="2"/>
      <line num="39" type="stmt" count="2"/>
      <line num="40" type="stmt" count="2"/>
      <line num="41" type="stmt" count="2"/>
      <line num="42" type="stmt" count="2"/>
      <line num="43" type="stmt" count="2"/>
      <line num="44" type="stmt" count="2"/>
      <metrics loc="45" ncloc="26" classes="1" methods="3" coveredmethods="2" conditionals="0" coveredconditionals="0" statements="16" coveredstatements="15" elements="19" coveredelements="17"/>
    </file>
    <file name="/var/www/html/projectmanager/controllers/tasks.php">
      <class name="TasksController" namespace="global">
        <metrics complexity="16" methods="7" coveredmethods="4" conditionals="0" coveredconditionals="0" statements="81" coveredstatements="78" elements="88" coveredelements="82"/>
      </class>
      <line num="4" type="method" name="setHtmlHeader" visibility="protected" complexity="2" crap="2.15" count="19"/>
      <line num="5" type="stmt" count="19"/>
      <line num="6" type="stmt" count="0"/>
      <line num="8" type="stmt" count="19"/>
      <line num="29" type="method" name="show" visibility="public" complexity="8" crap="8" count="6"/>
      <line num="31" type="stmt" count="6"/>
      <line num="38" type="stmt" count="6"/>
      <line num="39" type="stmt" count="2"/>
      <line num="40" type="stmt" count="2"/>
      <line num="41" type="stmt" count="4"/>
      <line num="42" type="stmt" count="1"/>
      <line num="43" type="stmt" count="1"/>
      <line num="44" type="stmt" count="3"/>
      <line num="45" type="stmt" count="1"/>
      <line num="46" type="stmt" count="1"/>
      <line num="47" type="stmt" count="2"/>
      <line num="50" type="stmt" count="1"/>
      <line num="51" type="stmt" count="1"/>
      <line num="52" type="stmt" count="1"/>
      <line num="53" type="stmt" count="1"/>
      <line num="55" type="stmt" count="1"/>
      <line num="57" type="stmt" count="1"/>
      <line num="58" type="stmt" count="1"/>
      <line num="59" type="stmt" count="1"/>
      <line num="60" type="stmt" count="0"/>
      <line num="62" type="stmt" count="1"/>
      <line num="63" type="stmt" count="1"/>
      <line num="65" type="stmt" count="6"/>
      <line num="66" type="stmt" count="1"/>
      <line num="67" type="stmt" count="1"/>
      <line num="68" type="stmt" count="1"/>
      <line num="69" type="stmt" count="1"/>
      <line num="73" type="stmt" count="6"/>
      <line num="74" type="stmt" count="6"/>
      <line num="75" type="stmt" count="6"/>
      <line num="78" type="stmt" count="6"/>
      <line num="79" type="stmt" count="6"/>
      <line num="80" type="stmt" count="6"/>
      <line num="81" type="stmt" count="6"/>
      <line num="82" type="stmt" count="6"/>
      <line num="83" type="stmt" count="6"/>
      <line num="84" type="stmt" count="6"/>
      <line num="85" type="stmt" count="6"/>
      <line num="86" type="stmt" count="6"/>
      <line num="87" type="stmt" count="6"/>
      <line num="90" type="stmt" count="6"/>
      <line num="91" type="stmt" count="6"/>
      <line num="92" type="stmt" count="6"/>
      <line num="102" type="method" name="refresh" visibility="public" complexity="2" crap="2.01" count="2"/>
      <line num="103" type="stmt" count="2"/>
      <line num="104" type="stmt" count="2"/>
      <line num="106" type="stmt" count="2"/>
      <line num="107" type="stmt" count="2"/>
      <line num="108" type="stmt" count="0"/>
      <line num="110" type="stmt" count="2"/>
      <line num="111" type="stmt" count="2"/>
      <line num="121" type="method" name="save" visibility="public" complexity="1" crap="1" count="7"/>
      <line num="122" type="stmt" count="7"/>
      <line num="123" type="stmt" count="7"/>
      <line num="124" type="stmt" count="7"/>
      <line num="125" type="stmt" count="7"/>
      <line num="126" type="stmt" count="7"/>
      <line num="127" type="stmt" count="7"/>
      <line num="137" type="method" name="taskinsert" visibility="public" complexity="1" crap="1" count="2"/>
      <line num="138" type="stmt" count="2"/>
      <line num="139" type="stmt" count="2"/>
      <line num="140" type="stmt" count="2"/>
      <line num="141" type="stmt" count="2"/>
      <line num="142" type="stmt" count="2"/>
      <line num="143" type="stmt" count="2"/>
      <line num="153" type="method" name="taskdelete" visibility="public" complexity="1" crap="1" count="3"/>
      <line num="154" type="stmt" count="3"/>
      <line num="155" type="stmt" count="3"/>
      <line num="156" type="stmt" count="3"/>
      <line num="157" type="stmt" count="3"/>
      <line num="158" type="stmt" count="3"/>
      <line num="159" type="stmt" count="3"/>
      <line num="170" type="method" name="taskupdate" visibility="public" complexity="1" crap="1" count="7"/>
      <line num="171" type="stmt" count="7"/>
      <line num="172" type="stmt" count="7"/>
      <line num="173" type="stmt" count="7"/>
      <line num="174" type="stmt" count="7"/>
      <line num="175" type="stmt" count="7"/>
      <line num="176" type="stmt" count="7"/>
      <line num="177" type="stmt" count="7"/>
      <line num="178" type="stmt" count="7"/>
      <line num="179" type="stmt" count="7"/>
      <line num="180" type="stmt" count="7"/>
      <metrics loc="181" ncloc="111" classes="1" methods="7" coveredmethods="4" conditionals="0" coveredconditionals="0" statements="81" coveredstatements="78" elements="88" coveredelements="82"/>
    </file>
    <file name="/var/www/html/projectmanager/models/members.php">
      <class name="MembersModel" namespace="global">
        <metrics complexity="22" methods="6" coveredmethods="3" conditionals="0" coveredconditionals="0" statements="69" coveredstatements="58" elements="75" coveredelements="61"/>
      </class>
      <line num="11" type="method" name="__construct" complexity="1" crap="1" count="6"/>
      <line num="12" type="stmt" count="6"/>
      <line num="13" type="stmt" count="6"/>
      <line num="23" type="stmt" count="6"/>
      <line num="29" type="method" name="setLastUpdate" visibility="protected" complexity="2" crap="2.15" count="3"/>
      <line num="30" type="stmt" count="3"/>
      <line num="31" type="stmt" count="3"/>
      <line num="32" type="stmt" count="3"/>
      <line num="33" type="stmt" count="3"/>
      <line num="34" type="stmt" count="3"/>
      <line num="36" type="stmt" count="0"/>
      <line num="37" type="stmt" count="0"/>
      <line num="38" type="stmt" count="0"/>
      <line num="40" type="stmt" count="3"/>
      <line num="49" type="method" name="saveAllMembersFromJson" visibility="public" complexity="3" crap="3.33" count="1"/>
      <line num="50" type="stmt" count="1"/>
      <line num="51" type="stmt" count="1"/>
      <line num="52" type="stmt" count="1"/>
      <line num="53" type="stmt" count="1"/>
      <line num="54" type="stmt" count="0"/>
      <line num="55" type="stmt" count="0"/>
      <line num="56" type="stmt" count="0"/>
      <line num="59" type="stmt" count="1"/>
      <line num="60" type="stmt" count="1"/>
      <line num="71" type="method" name="updateMemberAdmin" visibility="public" complexity="5" crap="5.93" count="3"/>
      <line num="73" type="stmt" count="3"/>
      <line num="74" type="stmt" count="0"/>
      <line num="76" type="stmt" count="3"/>
      <line num="77" type="stmt" count="2"/>
      <line num="79" type="stmt" count="1"/>
      <line num="80" type="stmt" count="1"/>
      <line num="81" type="stmt" count="1"/>
      <line num="82" type="stmt" count="1"/>
      <line num="83" type="stmt" count="1"/>
      <line num="84" type="stmt" count="1"/>
      <line num="85" type="stmt" count="0"/>
      <line num="86" type="stmt" count="0"/>
      <line num="87" type="stmt" count="0"/>
      <line num="88" type="stmt" count="0"/>
      <line num="90" type="stmt" count="1"/>
      <line num="99" type="method" name="deleteInvalidMembers" visibility="protected" complexity="6" crap="6" count="2"/>
      <line num="100" type="stmt" count="2"/>
      <line num="101" type="stmt" count="2"/>
      <line num="102" type="stmt" count="2"/>
      <line num="103" type="stmt" count="2"/>
      <line num="104" type="stmt" count="2"/>
      <line num="105" type="stmt" count="2"/>
      <line num="106" type="stmt" count="2"/>
      <line num="107" type="stmt" count="2"/>
      <line num="108" type="stmt" count="2"/>
      <line num="111" type="stmt" count="2"/>
      <line num="112" type="stmt" count="1"/>
      <line num="113" type="stmt" count="1"/>
      <line num="114" type="stmt" count="1"/>
      <line num="115" type="stmt" count="1"/>
      <line num="116" type="stmt" count="1"/>
      <line num="117" type="stmt" count="2"/>
      <line num="121" type="stmt" count="2"/>
      <line num="130" type="method" name="saveAllMembers" visibility="public" complexity="5" crap="5" count="2"/>
      <line num="131" type="stmt" count="2"/>
      <line num="134" type="stmt" count="2"/>
      <line num="135" type="stmt" count="2"/>
      <line num="136" type="stmt" count="2"/>
      <line num="137" type="stmt" count="2"/>
      <line num="138" type="stmt" count="2"/>
      <line num="139" type="stmt" count="2"/>
      <line num="140" type="stmt" count="2"/>
      <line num="141" type="stmt" count="1"/>
      <line num="142" type="stmt" count="1"/>
      <line num="145" type="stmt" count="2"/>
      <line num="147" type="stmt" count="2"/>
      <line num="148" type="stmt" count="2"/>
      <line num="153" type="stmt" count="2"/>
      <line num="155" type="stmt" count="2"/>
      <line num="156" type="stmt" count="2"/>
      <metrics loc="158" ncloc="117" classes="1" methods="6" coveredmethods="3" conditionals="0" coveredconditionals="0" statements="69" coveredstatements="58" elements="75" coveredelements="61"/>
    </file>
    <file name="/var/www/html/projectmanager/models/tasks.php">
      <class name="Task" namespace="global">
        <metrics complexity="0" methods="0" coveredmethods="0" conditionals="0" coveredconditionals="0" statements="0" coveredstatements="0" elements="0" coveredelements="0"/>
      </class>
      <class name="TasksModel" namespace="global">
        <metrics complexity="97" methods="21" coveredmethods="11" conditionals="0" coveredconditionals="0" statements="211" coveredstatements="193" elements="232" coveredelements="204"/>
      </class>
      <line num="21" type="method" name="__construct" complexity="1" crap="1" count="21"/>
      <line num="22" type="stmt" count="21"/>
      <line num="23" type="stmt" count="21"/>
      <line num="38" type="stmt" count="21"/>
      <line num="44" type="stmt" count="21"/>
      <line num="52" type="method" name="isMember" visibility="protected" complexity="3" crap="3" count="11"/>
      <line num="53" type="stmt" count="11"/>
      <line num="54" type="stmt" count="11"/>
      <line num="55" type="stmt" count="11"/>
      <line num="56" type="stmt" count="4"/>
      <line num="59" type="stmt" count="11"/>
      <line num="69" type="method" name="refresh" visibility="public" complexity="6" crap="6.29" count="8"/>
      <line num="70" type="stmt" count="8"/>
      <line num="71" type="stmt" count="8"/>
      <line num="74" type="stmt" count="8"/>
      <line num="75" type="stmt" count="8"/>
      <line num="76" type="stmt" count="8"/>
      <line num="77" type="stmt" count="8"/>
      <line num="79" type="stmt" count="0"/>
      <line num="80" type="stmt" count="0"/>
      <line num="81" type="stmt" count="0"/>
      <line num="82" type="stmt" count="0"/>
      <line num="86" type="stmt" count="8"/>
      <line num="87" type="stmt" count="8"/>
      <line num="88" type="stmt" count="7"/>
      <line num="89" type="stmt" count="7"/>
      <line num="90" type="stmt" count="7"/>
      <line num="91" type="stmt" count="7"/>
      <line num="92" type="stmt" count="7"/>
      <line num="93" type="stmt" count="7"/>
      <line num="95" type="stmt" count="7"/>
      <line num="97" type="stmt" count="7"/>
      <line num="98" type="stmt" count="7"/>
      <line num="99" type="stmt" count="7"/>
      <line num="100" type="stmt" count="7"/>
      <line num="101" type="stmt" count="0"/>
      <line num="104" type="stmt" count="8"/>
      <line num="112" type="method" name="getTasks" visibility="protected" complexity="4" crap="4" count="6"/>
      <line num="113" type="stmt" count="6"/>
      <line num="114" type="stmt" count="6"/>
      <line num="115" type="stmt" count="6"/>
      <line num="116" type="stmt" count="6"/>
      <line num="117" type="stmt" count="6"/>
      <line num="118" type="stmt" count="6"/>
      <line num="119" type="stmt" count="6"/>
      <line num="123" type="stmt" count="6"/>
      <line num="133" type="method" name="findTask" visibility="protected" complexity="3" crap="3" count="6"/>
      <line num="134" type="stmt" count="6"/>
      <line num="135" type="stmt" count="6"/>
      <line num="136" type="stmt" count="6"/>
      <line num="137" type="stmt" count="6"/>
      <line num="140" type="stmt" count="6"/>
      <line num="150" type="method" name="ContentNotChange" visibility="protected" complexity="8" crap="8.51" count="12"/>
      <line num="151" type="stmt" count="12"/>
      <line num="152" type="stmt" count="12"/>
      <line num="153" type="stmt" count="12"/>
      <line num="154" type="stmt" count="0"/>
      <line num="156" type="stmt" count="12"/>
      <line num="157" type="stmt" count="4"/>
      <line num="159" type="stmt" count="12"/>
      <line num="160" type="stmt" count="0"/>
      <line num="162" type="stmt" count="12"/>
      <line num="163" type="stmt" count="3"/>
      <line num="165" type="stmt" count="12"/>
      <line num="166" type="stmt" count="0"/>
      <line num="168" type="stmt" count="12"/>
      <line num="169" type="stmt" count="4"/>
      <line num="172" type="stmt" count="12"/>
      <line num="181" type="method" name="noChanged" visibility="protected" complexity="4" crap="4" count="12"/>
      <line num="182" type="stmt" count="12"/>
      <line num="183" type="stmt" count="12"/>
      <line num="184" type="stmt" count="12"/>
      <line num="185" type="stmt" count="5"/>
      <line num="187" type="stmt" count="12"/>
      <line num="188" type="stmt" count="5"/>
      <line num="191" type="stmt" count="12"/>
      <line num="201" type="method" name="publicEnabledNewtask" visibility="protected" complexity="7" crap="7.14" count="7"/>
      <line num="202" type="stmt" count="7"/>
      <line num="203" type="stmt" count="7"/>
      <line num="204" type="stmt" count="7"/>
      <line num="205" type="stmt" count="7"/>
      <line num="206" type="stmt" count="7"/>
      <line num="207" type="stmt" count="0"/>
      <line num="209" type="stmt" count="7"/>
      <line num="221" type="method" name="pickupTask" visibility="protected" complexity="6" crap="6" count="7"/>
      <line num="225" type="stmt" count="7"/>
      <line num="226" type="stmt" count="7"/>
      <line num="227" type="stmt" count="7"/>
      <line num="228" type="stmt" count="7"/>
      <line num="229" type="stmt" count="7"/>
      <line num="231" type="stmt" count="1"/>
      <line num="233" type="stmt" count="7"/>
      <line num="244" type="method" name="selfTaskStateChange" visibility="protected" complexity="6" crap="6.10" count="6"/>
      <line num="246" type="stmt" count="6"/>
      <line num="247" type="stmt" count="6"/>
      <line num="248" type="stmt" count="6"/>
      <line num="249" type="stmt" count="6"/>
      <line num="250" type="stmt" count="6"/>
      <line num="251" type="stmt" count="0"/>
      <line num="253" type="stmt" count="6"/>
      <line num="265" type="method" name="checkTaskAction" visibility="protected" complexity="13" crap="13" count="10"/>
      <line num="266" type="stmt" count="10"/>
      <line num="267" type="stmt" count="10"/>
      <line num="268" type="stmt" count="10"/>
      <line num="271" type="stmt" count="10"/>
      <line num="274" type="stmt" count="10"/>
      <line num="275" type="stmt" count="7"/>
      <line num="279" type="stmt" count="10"/>
      <line num="280" type="stmt" count="7"/>
      <line num="284" type="stmt" count="10"/>
      <line num="285" type="stmt" count="6"/>
      <line num="289" type="stmt" count="10"/>
      <line num="290" type="stmt" count="10"/>
      <line num="291" type="stmt" count="10"/>
      <line num="292" type="stmt" count="1"/>
      <line num="294" type="stmt" count="10"/>
      <line num="295" type="stmt" count="5"/>
      <line num="297" type="stmt" count="10"/>
      <line num="309" type="method" name="accesRightNewTaskUpdate" visibility="protected" complexity="3" crap="3" count="6"/>
      <line num="311" type="stmt" count="6"/>
      <line num="312" type="stmt" count="6"/>
      <line num="313" type="stmt" count="6"/>
      <line num="314" type="stmt" count="6"/>
      <line num="315" type="stmt" count="6"/>
      <line num="318" type="stmt" count="6"/>
      <line num="327" type="method" name="doDeletedTask" visibility="protected" complexity="3" crap="3.03" count="6"/>
      <line num="328" type="stmt" count="6"/>
      <line num="329" type="stmt" count="6"/>
      <line num="330" type="stmt" count="6"/>
      <line num="331" type="stmt" count="6"/>
      <line num="332" type="stmt" count="0"/>
      <line num="333" type="stmt" count="6"/>
      <line num="336" type="stmt" count="6"/>
      <line num="344" type="method" name="loadOldTasks" visibility="protected" complexity="6" crap="6" count="6"/>
      <line num="345" type="stmt" count="6"/>
      <line num="346" type="stmt" count="6"/>
      <line num="347" type="stmt" count="6"/>
      <line num="348" type="stmt" count="6"/>
      <line num="349" type="stmt" count="6"/>
      <line num="350" type="stmt" count="6"/>
      <line num="351" type="stmt" count="6"/>
      <line num="352" type="stmt" count="6"/>
      <line num="353" type="stmt" count="6"/>
      <line num="359" type="stmt" count="6"/>
      <line num="369" type="method" name="saveCheckNoAdmin" visibility="protected" complexity="3" crap="3.01" count="6"/>
      <line num="370" type="stmt" count="6"/>
      <line num="371" type="stmt" count="6"/>
      <line num="374" type="stmt" count="6"/>
      <line num="377" type="stmt" count="6"/>
      <line num="378" type="stmt" count="6"/>
      <line num="379" type="stmt" count="3"/>
      <line num="383" type="stmt" count="6"/>
      <line num="384" type="stmt" count="0"/>
      <line num="387" type="stmt" count="6"/>
      <line num="395" type="method" name="saveAllTaskFromJson" visibility="protected" complexity="4" crap="4" count="1"/>
      <line num="396" type="stmt" count="1"/>
      <line num="397" type="stmt" count="1"/>
      <line num="398" type="stmt" count="1"/>
      <line num="399" type="stmt" count="1"/>
      <line num="400" type="stmt" count="1"/>
      <line num="401" type="stmt" count="1"/>
      <line num="402" type="stmt" count="1"/>
      <line num="403" type="stmt" count="1"/>
      <line num="404" type="stmt" count="1"/>
      <line num="408" type="stmt" count="1"/>
      <line num="414" type="method" name="setLastUpdate" visibility="protected" complexity="2" crap="2.15" count="13"/>
      <line num="415" type="stmt" count="13"/>
      <line num="416" type="stmt" count="13"/>
      <line num="417" type="stmt" count="13"/>
      <line num="418" type="stmt" count="13"/>
      <line num="419" type="stmt" count="13"/>
      <line num="421" type="stmt" count="0"/>
      <line num="422" type="stmt" count="0"/>
      <line num="423" type="stmt" count="0"/>
      <line num="425" type="stmt" count="13"/>
      <line num="436" type="method" name="save" visibility="public" complexity="4" crap="4.01" count="7"/>
      <line num="437" type="stmt" count="7"/>
      <line num="438" type="stmt" count="7"/>
      <line num="439" type="stmt" count="7"/>
      <line num="440" type="stmt" count="7"/>
      <line num="441" type="stmt" count="0"/>
      <line num="443" type="stmt" count="7"/>
      <line num="444" type="stmt" count="6"/>
      <line num="446" type="stmt" count="7"/>
      <line num="447" type="stmt" count="1"/>
      <line num="448" type="stmt" count="1"/>
      <line num="449" type="stmt" count="1"/>
      <line num="452" type="stmt" count="7"/>
      <line num="454" type="stmt" count="7"/>
      <line num="455" type="stmt" count="7"/>
      <line num="464" type="method" name="newTask" visibility="public" complexity="1" crap="1" count="2"/>
      <line num="465" type="stmt" count="2"/>
      <line num="466" type="stmt" count="2"/>
      <line num="467" type="stmt" count="2"/>
      <line num="475" type="stmt" count="2"/>
      <line num="476" type="stmt" count="2"/>
      <line num="479" type="stmt" count="2"/>
      <line num="481" type="stmt" count="2"/>
      <line num="491" type="method" name="delTask" visibility="public" complexity="3" crap="3.01" count="3"/>
      <line num="492" type="stmt" count="3"/>
      <line num="493" type="stmt" count="0"/>
      <line num="495" type="stmt" count="3"/>
      <line num="496" type="stmt" count="2"/>
      <line num="498" type="stmt" count="1"/>
      <line num="499" type="stmt" count="1"/>
      <line num="500" type="stmt" count="1"/>
      <line num="501" type="stmt" count="1"/>
      <line num="502" type="stmt" count="1"/>
      <line num="505" type="stmt" count="1"/>
      <line num="507" type="stmt" count="1"/>
      <line num="517" type="method" name="updateTask" visibility="public" complexity="7" crap="7" count="7"/>
      <line num="518" type="stmt" count="7"/>
      <line num="519" type="stmt" count="7"/>
      <line num="520" type="stmt" count="4"/>
      <line num="522" type="stmt" count="7"/>
      <line num="523" type="stmt" count="0"/>
      <line num="525" type="stmt" count="7"/>
      <line num="526" type="stmt" count="7"/>
      <line num="527" type="stmt" count="7"/>
      <line num="528" type="stmt" count="7"/>
      <line num="529" type="stmt" count="1"/>
      <line num="531" type="stmt" count="6"/>
      <line num="532" type="stmt" count="1"/>
      <line num="534" type="stmt" count="5"/>
      <line num="535" type="stmt" count="5"/>
      <line num="536" type="stmt" count="5"/>
      <line num="537" type="stmt" count="5"/>
      <line num="538" type="stmt" count="2"/>
      <line num="540" type="stmt" count="3"/>
      <line num="541" type="stmt" count="3"/>
      <line num="544" type="stmt" count="3"/>
      <line num="549" type="stmt" count="7"/>
      <metrics loc="552" ncloc="382" classes="1" methods="21" coveredmethods="11" conditionals="0" coveredconditionals="0" statements="211" coveredstatements="193" elements="232" coveredelements="204"/>
    </file>
    <file name="/var/www/html/projectmanager/views/tasks.php">
      <class name="TasksView" namespace="global">
        <metrics complexity="3" methods="1" coveredmethods="1" conditionals="0" coveredconditionals="0" statements="2" coveredstatements="2" elements="3" coveredelements="3"/>
      </class>
      <line num="11" type="method" name="show" visibility="public" complexity="3" crap="3" count="6"/>
      <line num="25" type="stmt" count="6"/>
      <line num="207" type="stmt" count="6"/>
      <metrics loc="208" ncloc="200" classes="1" methods="1" coveredmethods="1" conditionals="0" coveredconditionals="0" statements="2" coveredstatements="2" elements="3" coveredelements="3"/>
    </file>
    <metrics files="6" loc="1159" ncloc="847" classes="6" methods="39" coveredmethods="22" conditionals="0" coveredconditionals="0" statements="386" coveredstatements="353" elements="425" coveredelements="375"/>
  </project>
</coverage>
